<?xml version="1.0" encoding="UTF-8"?>
<!-- Generated by org.testng.reporters.JUnitXMLReporter -->
<testsuite ignored="1" hostname="Yathish-PC" failures="0" tests="2" name="Default test(failed)" time="0.064" errors="0" timestamp="31 Oct 2018 11:34:54 GMT">
  <testcase classname="Test.TestNGRetryFailed" name="test3" time="0.018"/>
  <testcase classname="Test.TestNGRetryFailed" name="test2" time="0.004"/>
  <testcase classname="Test.TestNGRetryFailed" name="test1" time="0.0">
    <ignored/>
  </testcase> <!-- test1 -->
</testsuite> <!-- Default test(failed) -->
