<?xml version="1.0" encoding="UTF-8"?>
<!-- Generated by org.testng.reporters.JUnitXMLReporter -->
<testsuite ignored="2" hostname="Yathish-PC" failures="0" tests="1" name="Default test(failed)(failed)(failed)" time="0.081" errors="0" timestamp="31 Oct 2018 11:31:51 GMT">
  <testcase classname="Test.TestNGRetryFailed" name="test3" time="0.022"/>
  <testcase classname="Test.TestNGRetryFailed" name="test1" time="0.0">
    <ignored/>
  </testcase> <!-- test1 -->
  <testcase classname="Test.TestNGRetryFailed" name="test2" time="0.0">
    <ignored/>
  </testcase> <!-- test2 -->
</testsuite> <!-- Default test(failed)(failed)(failed) -->
